2024-06-19T00:06:09.738+03:00  INFO 16296 --- [LMS] [SpringApplicationShutdownHook] j.LocalContainerEntityManagerFactoryBean : Closing JPA EntityManagerFactory for persistence unit 'default'
2024-06-19T00:06:09.742+03:00  INFO 16296 --- [LMS] [SpringApplicationShutdownHook] com.zaxxer.hikari.HikariDataSource       : HikariPool-1 - Shutdown initiated...
2024-06-19T00:06:09.745+03:00  INFO 16296 --- [LMS] [SpringApplicationShutdownHook] com.zaxxer.hikari.HikariDataSource       : HikariPool-1 - Shutdown completed.
2024-06-19T00:06:14.977+03:00  INFO 17420 --- [LMS] [main] c.L.LMS.LmsApplication                   : Starting LmsApplication using Java 20.0.2 with PID 17420 (C:\Users\Sameeh\Desktop\LMS\target\classes started by Sameeh in C:\Users\Sameeh\Desktop\LMS)
2024-06-19T00:06:14.980+03:00 DEBUG 17420 --- [LMS] [main] c.L.LMS.LmsApplication                   : Running with Spring Boot v3.3.0, Spring v6.1.8
2024-06-19T00:06:14.981+03:00  INFO 17420 --- [LMS] [main] c.L.LMS.LmsApplication                   : No active profile set, falling back to 1 default profile: "default"
2024-06-19T00:06:15.647+03:00  INFO 17420 --- [LMS] [main] .s.d.r.c.RepositoryConfigurationDelegate : Multiple Spring Data modules found, entering strict repository configuration mode
2024-06-19T00:06:15.648+03:00  INFO 17420 --- [LMS] [main] .s.d.r.c.RepositoryConfigurationDelegate : Bootstrapping Spring Data JDBC repositories in DEFAULT mode.
2024-06-19T00:06:15.676+03:00  INFO 17420 --- [LMS] [main] .RepositoryConfigurationExtensionSupport : Spring Data JDBC - Could not safely identify store assignment for repository candidate interface com.LibraryManagementSystem.LMS.repositories.RoleRepository; If you want this repository to be a JDBC repository, consider annotating your entities with one of these annotations: org.springframework.data.relational.core.mapping.Table.
2024-06-19T00:06:15.677+03:00  INFO 17420 --- [LMS] [main] .RepositoryConfigurationExtensionSupport : Spring Data JDBC - Could not safely identify store assignment for repository candidate interface com.LibraryManagementSystem.LMS.repositories.UserRepository; If you want this repository to be a JDBC repository, consider annotating your entities with one of these annotations: org.springframework.data.relational.core.mapping.Table.
2024-06-19T00:06:15.677+03:00  INFO 17420 --- [LMS] [main] .s.d.r.c.RepositoryConfigurationDelegate : Finished Spring Data repository scanning in 25 ms. Found 0 JDBC repository interfaces.
2024-06-19T00:06:15.688+03:00  INFO 17420 --- [LMS] [main] .s.d.r.c.RepositoryConfigurationDelegate : Multiple Spring Data modules found, entering strict repository configuration mode
2024-06-19T00:06:15.688+03:00  INFO 17420 --- [LMS] [main] .s.d.r.c.RepositoryConfigurationDelegate : Bootstrapping Spring Data JPA repositories in DEFAULT mode.
2024-06-19T00:06:15.720+03:00  INFO 17420 --- [LMS] [main] .s.d.r.c.RepositoryConfigurationDelegate : Finished Spring Data repository scanning in 28 ms. Found 2 JPA repository interfaces.
2024-06-19T00:06:16.139+03:00  INFO 17420 --- [LMS] [main] o.s.b.w.embedded.tomcat.TomcatWebServer  : Tomcat initialized with port 8080 (http)
2024-06-19T00:06:16.149+03:00  INFO 17420 --- [LMS] [main] o.apache.catalina.core.StandardService   : Starting service [Tomcat]
2024-06-19T00:06:16.149+03:00  INFO 17420 --- [LMS] [main] o.apache.catalina.core.StandardEngine    : Starting Servlet engine: [Apache Tomcat/10.1.24]
2024-06-19T00:06:16.195+03:00  INFO 17420 --- [LMS] [main] o.a.c.c.C.[Tomcat].[localhost].[/]       : Initializing Spring embedded WebApplicationContext
2024-06-19T00:06:16.195+03:00  INFO 17420 --- [LMS] [main] w.s.c.ServletWebServerApplicationContext : Root WebApplicationContext: initialization completed in 1168 ms
2024-06-19T00:06:16.326+03:00  INFO 17420 --- [LMS] [main] o.hibernate.jpa.internal.util.LogHelper  : HHH000204: Processing PersistenceUnitInfo [name: default]
2024-06-19T00:06:16.370+03:00  INFO 17420 --- [LMS] [main] org.hibernate.Version                    : HHH000412: Hibernate ORM core version 6.5.2.Final
2024-06-19T00:06:16.401+03:00  INFO 17420 --- [LMS] [main] o.h.c.internal.RegionFactoryInitiator    : HHH000026: Second-level cache disabled
2024-06-19T00:06:16.664+03:00  INFO 17420 --- [LMS] [main] o.s.o.j.p.SpringPersistenceUnitInfo      : No LoadTimeWeaver setup: ignoring JPA class transformer
2024-06-19T00:06:16.686+03:00  INFO 17420 --- [LMS] [main] com.zaxxer.hikari.HikariDataSource       : HikariPool-1 - Starting...
2024-06-19T00:06:16.852+03:00  INFO 17420 --- [LMS] [main] com.zaxxer.hikari.pool.HikariPool        : HikariPool-1 - Added connection com.mysql.cj.jdbc.ConnectionImpl@44aed6a4
2024-06-19T00:06:16.854+03:00  INFO 17420 --- [LMS] [main] com.zaxxer.hikari.HikariDataSource       : HikariPool-1 - Start completed.
2024-06-19T00:06:17.710+03:00  INFO 17420 --- [LMS] [main] o.h.e.t.j.p.i.JtaPlatformInitiator       : HHH000489: No JTA platform available (set 'hibernate.transaction.jta.platform' to enable JTA platform integration)
2024-06-19T00:06:17.760+03:00  INFO 17420 --- [LMS] [main] j.LocalContainerEntityManagerFactoryBean : Initialized JPA EntityManagerFactory for persistence unit 'default'
2024-06-19T00:06:18.318+03:00  WARN 17420 --- [LMS] [main] JpaBaseConfiguration$JpaWebConfiguration : spring.jpa.open-in-view is enabled by default. Therefore, database queries may be performed during view rendering. Explicitly configure spring.jpa.open-in-view to disable this warning
2024-06-19T00:06:18.332+03:00  WARN 17420 --- [LMS] [main] .s.s.UserDetailsServiceAutoConfiguration : 

Using generated security password: 7f318e4c-dcea-4f68-be5c-e4b30615067d

This generated password is for development use only. Your security configuration must be updated before running your application in production.

2024-06-19T00:06:18.338+03:00  INFO 17420 --- [LMS] [main] r$InitializeUserDetailsManagerConfigurer : Global AuthenticationManager configured with UserDetailsService bean with name inMemoryUserDetailsManager
2024-06-19T00:06:18.563+03:00  INFO 17420 --- [LMS] [main] o.s.s.web.DefaultSecurityFilterChain     : Will secure any request with [org.springframework.security.web.session.DisableEncodeUrlFilter@65384249, org.springframework.security.web.context.request.async.WebAsyncManagerIntegrationFilter@6441db2c, org.springframework.security.web.context.SecurityContextHolderFilter@5069a91b, org.springframework.security.web.header.HeaderWriterFilter@60be9fdf, org.springframework.web.filter.CorsFilter@218c6d3e, org.springframework.security.web.authentication.logout.LogoutFilter@7d453075, org.springframework.security.web.savedrequest.RequestCacheAwareFilter@322399e6, org.springframework.security.web.servletapi.SecurityContextHolderAwareRequestFilter@73ba3c4b, org.springframework.security.web.authentication.AnonymousAuthenticationFilter@63f819a6, org.springframework.security.web.access.ExceptionTranslationFilter@2060df8, org.springframework.security.web.access.intercept.FilterSecurityInterceptor@472dc215]
2024-06-19T00:06:18.806+03:00  INFO 17420 --- [LMS] [main] o.s.b.w.embedded.tomcat.TomcatWebServer  : Tomcat started on port 8080 (http) with context path '/'
2024-06-19T00:06:18.816+03:00  INFO 17420 --- [LMS] [main] c.L.LMS.LmsApplication                   : Started LmsApplication in 4.313 seconds (process running for 4.988)
2024-06-19T00:06:23.778+03:00  INFO 17420 --- [LMS] [http-nio-8080-exec-2] o.a.c.c.C.[Tomcat].[localhost].[/]       : Initializing Spring DispatcherServlet 'dispatcherServlet'
2024-06-19T00:06:23.779+03:00  INFO 17420 --- [LMS] [http-nio-8080-exec-2] o.s.web.servlet.DispatcherServlet        : Initializing Servlet 'dispatcherServlet'
2024-06-19T00:06:23.780+03:00  INFO 17420 --- [LMS] [http-nio-8080-exec-2] o.s.web.servlet.DispatcherServlet        : Completed initialization in 1 ms
2024-06-19T00:19:19.666+03:00  INFO 17420 --- [LMS] [SpringApplicationShutdownHook] j.LocalContainerEntityManagerFactoryBean : Closing JPA EntityManagerFactory for persistence unit 'default'
2024-06-19T00:19:19.668+03:00  INFO 17420 --- [LMS] [SpringApplicationShutdownHook] com.zaxxer.hikari.HikariDataSource       : HikariPool-1 - Shutdown initiated...
2024-06-19T00:19:19.672+03:00  INFO 17420 --- [LMS] [SpringApplicationShutdownHook] com.zaxxer.hikari.HikariDataSource       : HikariPool-1 - Shutdown completed.
2024-06-19T00:19:24.464+03:00  INFO 24456 --- [LMS] [main] c.L.LMS.LmsApplication                   : Starting LmsApplication using Java 20.0.2 with PID 24456 (C:\Users\Sameeh\Desktop\LMS\target\classes started by Sameeh in C:\Users\Sameeh\Desktop\LMS)
2024-06-19T00:19:24.466+03:00 DEBUG 24456 --- [LMS] [main] c.L.LMS.LmsApplication                   : Running with Spring Boot v3.3.0, Spring v6.1.8
2024-06-19T00:19:24.467+03:00  INFO 24456 --- [LMS] [main] c.L.LMS.LmsApplication                   : No active profile set, falling back to 1 default profile: "default"
2024-06-19T00:19:25.153+03:00  INFO 24456 --- [LMS] [main] .s.d.r.c.RepositoryConfigurationDelegate : Multiple Spring Data modules found, entering strict repository configuration mode
2024-06-19T00:19:25.154+03:00  INFO 24456 --- [LMS] [main] .s.d.r.c.RepositoryConfigurationDelegate : Bootstrapping Spring Data JDBC repositories in DEFAULT mode.
2024-06-19T00:19:25.182+03:00  INFO 24456 --- [LMS] [main] .RepositoryConfigurationExtensionSupport : Spring Data JDBC - Could not safely identify store assignment for repository candidate interface com.LibraryManagementSystem.LMS.repositories.RoleRepository; If you want this repository to be a JDBC repository, consider annotating your entities with one of these annotations: org.springframework.data.relational.core.mapping.Table.
2024-06-19T00:19:25.184+03:00  INFO 24456 --- [LMS] [main] .RepositoryConfigurationExtensionSupport : Spring Data JDBC - Could not safely identify store assignment for repository candidate interface com.LibraryManagementSystem.LMS.repositories.UserRepository; If you want this repository to be a JDBC repository, consider annotating your entities with one of these annotations: org.springframework.data.relational.core.mapping.Table.
2024-06-19T00:19:25.184+03:00  INFO 24456 --- [LMS] [main] .s.d.r.c.RepositoryConfigurationDelegate : Finished Spring Data repository scanning in 26 ms. Found 0 JDBC repository interfaces.
2024-06-19T00:19:25.193+03:00  INFO 24456 --- [LMS] [main] .s.d.r.c.RepositoryConfigurationDelegate : Multiple Spring Data modules found, entering strict repository configuration mode
2024-06-19T00:19:25.194+03:00  INFO 24456 --- [LMS] [main] .s.d.r.c.RepositoryConfigurationDelegate : Bootstrapping Spring Data JPA repositories in DEFAULT mode.
2024-06-19T00:19:25.227+03:00  INFO 24456 --- [LMS] [main] .s.d.r.c.RepositoryConfigurationDelegate : Finished Spring Data repository scanning in 29 ms. Found 2 JPA repository interfaces.
2024-06-19T00:19:25.651+03:00  INFO 24456 --- [LMS] [main] o.s.b.w.embedded.tomcat.TomcatWebServer  : Tomcat initialized with port 8080 (http)
2024-06-19T00:19:25.662+03:00  INFO 24456 --- [LMS] [main] o.apache.catalina.core.StandardService   : Starting service [Tomcat]
2024-06-19T00:19:25.662+03:00  INFO 24456 --- [LMS] [main] o.apache.catalina.core.StandardEngine    : Starting Servlet engine: [Apache Tomcat/10.1.24]
2024-06-19T00:19:25.712+03:00  INFO 24456 --- [LMS] [main] o.a.c.c.C.[Tomcat].[localhost].[/]       : Initializing Spring embedded WebApplicationContext
2024-06-19T00:19:25.712+03:00  INFO 24456 --- [LMS] [main] w.s.c.ServletWebServerApplicationContext : Root WebApplicationContext: initialization completed in 1195 ms
2024-06-19T00:19:25.858+03:00  INFO 24456 --- [LMS] [main] o.hibernate.jpa.internal.util.LogHelper  : HHH000204: Processing PersistenceUnitInfo [name: default]
2024-06-19T00:19:25.931+03:00  INFO 24456 --- [LMS] [main] org.hibernate.Version                    : HHH000412: Hibernate ORM core version 6.5.2.Final
2024-06-19T00:19:25.957+03:00  INFO 24456 --- [LMS] [main] o.h.c.internal.RegionFactoryInitiator    : HHH000026: Second-level cache disabled
2024-06-19T00:19:26.232+03:00  INFO 24456 --- [LMS] [main] o.s.o.j.p.SpringPersistenceUnitInfo      : No LoadTimeWeaver setup: ignoring JPA class transformer
2024-06-19T00:19:26.255+03:00  INFO 24456 --- [LMS] [main] com.zaxxer.hikari.HikariDataSource       : HikariPool-1 - Starting...
2024-06-19T00:19:26.418+03:00  INFO 24456 --- [LMS] [main] com.zaxxer.hikari.pool.HikariPool        : HikariPool-1 - Added connection com.mysql.cj.jdbc.ConnectionImpl@75d97e18
2024-06-19T00:19:26.419+03:00  INFO 24456 --- [LMS] [main] com.zaxxer.hikari.HikariDataSource       : HikariPool-1 - Start completed.
2024-06-19T00:19:27.211+03:00  INFO 24456 --- [LMS] [main] o.h.e.t.j.p.i.JtaPlatformInitiator       : HHH000489: No JTA platform available (set 'hibernate.transaction.jta.platform' to enable JTA platform integration)
2024-06-19T00:19:27.266+03:00  INFO 24456 --- [LMS] [main] j.LocalContainerEntityManagerFactoryBean : Initialized JPA EntityManagerFactory for persistence unit 'default'
2024-06-19T00:19:27.869+03:00  WARN 24456 --- [LMS] [main] JpaBaseConfiguration$JpaWebConfiguration : spring.jpa.open-in-view is enabled by default. Therefore, database queries may be performed during view rendering. Explicitly configure spring.jpa.open-in-view to disable this warning
2024-06-19T00:19:27.887+03:00  WARN 24456 --- [LMS] [main] .s.s.UserDetailsServiceAutoConfiguration : 

Using generated security password: 9241ed4a-c4a4-46bd-889e-c5f3d72d7413

This generated password is for development use only. Your security configuration must be updated before running your application in production.

2024-06-19T00:19:27.897+03:00  INFO 24456 --- [LMS] [main] r$InitializeUserDetailsManagerConfigurer : Global AuthenticationManager configured with UserDetailsService bean with name inMemoryUserDetailsManager
2024-06-19T00:19:28.156+03:00  INFO 24456 --- [LMS] [main] o.s.s.web.DefaultSecurityFilterChain     : Will secure any request with [org.springframework.security.web.session.DisableEncodeUrlFilter@472dc215, org.springframework.security.web.context.request.async.WebAsyncManagerIntegrationFilter@1f031994, org.springframework.security.web.context.SecurityContextHolderFilter@7c08461b, org.springframework.security.web.header.HeaderWriterFilter@5c94d4b8, org.springframework.web.filter.CorsFilter@37bac0f4, org.springframework.security.web.authentication.logout.LogoutFilter@1cecd0a9, org.springframework.security.web.savedrequest.RequestCacheAwareFilter@2060df8, org.springframework.security.web.servletapi.SecurityContextHolderAwareRequestFilter@2b551e7b, org.springframework.security.web.authentication.AnonymousAuthenticationFilter@20c55658, org.springframework.security.web.access.ExceptionTranslationFilter@77587422, org.springframework.security.web.access.intercept.FilterSecurityInterceptor@5562f297]
2024-06-19T00:19:28.441+03:00  INFO 24456 --- [LMS] [main] o.s.b.w.embedded.tomcat.TomcatWebServer  : Tomcat started on port 8080 (http) with context path '/'
2024-06-19T00:19:28.452+03:00  INFO 24456 --- [LMS] [main] c.L.LMS.LmsApplication                   : Started LmsApplication in 4.466 seconds (process running for 5.191)
2024-06-19T00:21:55.759+03:00  INFO 24456 --- [LMS] [http-nio-8080-exec-1] o.a.c.c.C.[Tomcat].[localhost].[/]       : Initializing Spring DispatcherServlet 'dispatcherServlet'
2024-06-19T00:21:55.760+03:00  INFO 24456 --- [LMS] [http-nio-8080-exec-1] o.s.web.servlet.DispatcherServlet        : Initializing Servlet 'dispatcherServlet'
2024-06-19T00:21:55.761+03:00  INFO 24456 --- [LMS] [http-nio-8080-exec-1] o.s.web.servlet.DispatcherServlet        : Completed initialization in 1 ms
